[2023-04-19 13:41:05.873 DEBUG] [1681882855076a0b71f8360e64b05a47bff3250982a45 http-nio-8080-exec-1] [com.example.studentmodule.mapper.StudentInfoMapper.insertStudent] : ==>  Preparing: insert into student_info (stu_id, stu_name, stu_sex, stu_birthday, stu_eng_grade, stu_class_id, stu_hight, stu_intro, stu_phone, stu_address, stu_admission_date, stu_piny) values (?, ?, ?, ?, ?, ?, ?, ?, ?, ?, ?, ?)
[2023-04-19 13:41:05.929 DEBUG] [1681882855076a0b71f8360e64b05a47bff3250982a45 http-nio-8080-exec-1] [com.example.studentmodule.mapper.StudentInfoMapper.insertStudent] : ==> Parameters: 2023001(String), 刘楠(String), 男(String), 1998-03-23 00:00:00.0(Timestamp), (String), C02(String), 178.5(BigDecimal), 顶顶顶顶顶顶顶顶顶顶顶顶顶顶顶顶顶顶顶(String), 13512345678(String), 浙江省温州市瓯海区(String), 2022-09-10 00:00:00.0(Timestamp), liunan(String)
[2023-04-19 13:42:35.863 DEBUG] [1681882955853ef821954e8f24db4ae0cd71e21c3a5dc http-nio-8080-exec-2] [com.example.studentmodule.mapper.StudentInfoMapper.insertStudent] : ==>  Preparing: insert into student_info (stu_id, stu_name, stu_sex, stu_birthday, stu_eng_grade, stu_class_id, stu_hight, stu_intro, stu_phone, stu_address, stu_admission_date, stu_piny) values (?, ?, ?, ?, ?, ?, ?, ?, ?, ?, ?, ?)
[2023-04-19 13:42:35.866 DEBUG] [1681882955853ef821954e8f24db4ae0cd71e21c3a5dc http-nio-8080-exec-2] [com.example.studentmodule.mapper.StudentInfoMapper.insertStudent] : ==> Parameters: 2023011(String), 刘楠(String), 男(String), 1998-03-23 00:00:00.0(Timestamp), (String), C02(String), 178.5(BigDecimal), 顶顶顶顶顶顶顶顶顶顶顶顶顶顶顶顶顶顶顶(String), 13512345678(String), 浙江省温州市瓯海区(String), 2022-09-10 00:00:00.0(Timestamp), liunan(String)
[2023-04-19 13:42:35.884 DEBUG] [1681882955853ef821954e8f24db4ae0cd71e21c3a5dc http-nio-8080-exec-2] [com.example.studentmodule.mapper.StudentInfoMapper.insertStudent] : <==    Updates: 1
[2023-04-19 13:43:15.888 DEBUG] [1681882995871bc42618131194b6f9ff6f6abfd73cf85 http-nio-8080-exec-7] [com.example.studentmodule.mapper.StudentInfoMapper.selectByID] : ==>  Preparing: select id ,stu_id,stu_name, stu_sex,stu_birthday,stu_eng_grade, stu_class_id,stu_hight,stu_intro, stu_phone,stu_address,stu_admission_date, stu_piny from student_info where stu_id = ?
[2023-04-19 13:43:15.889 DEBUG] [1681882995871bc42618131194b6f9ff6f6abfd73cf85 http-nio-8080-exec-7] [com.example.studentmodule.mapper.StudentInfoMapper.selectByID] : ==> Parameters: 2023011(String)
[2023-04-19 13:43:15.918 DEBUG] [1681882995871bc42618131194b6f9ff6f6abfd73cf85 http-nio-8080-exec-7] [com.example.studentmodule.mapper.StudentInfoMapper.selectByID] : <==      Total: 1
[2023-04-19 14:13:42.513 DEBUG] [1681884812171f71d6054c773472ab4b3def3f845d625 http-nio-8080-exec-3] [com.example.studentmodule.mapper.StudentInfoMapper.selectStudentInfoWithClassInfoByID] : ==>  Preparing: select * from student_info a left join class_info b on a.stu_class_id = b.class_id where a.stu_id = ?
[2023-04-19 14:13:42.565 DEBUG] [1681884812171f71d6054c773472ab4b3def3f845d625 http-nio-8080-exec-3] [com.example.studentmodule.mapper.StudentInfoMapper.selectStudentInfoWithClassInfoByID] : ==> Parameters: 2023001(String)
[2023-04-19 14:13:42.625 DEBUG] [1681884812171f71d6054c773472ab4b3def3f845d625 http-nio-8080-exec-3] [com.example.studentmodule.mapper.StudentInfoMapper.selectStudentInfoWithClassInfoByID] : <==      Total: 1
[2023-04-19 15:21:15.043 DEBUG] [1681888864594c6d3e21e941d4aeeb1f321a5d040fac4 http-nio-8080-exec-4] [com.example.studentmodule.mapper.StudentInfoMapper.selectPageByClass_mpCount] : ==>  Preparing: SELECT COUNT(*) AS total FROM student_info WHERE stu_class_id = ?
[2023-04-19 15:21:15.091 DEBUG] [1681888864594c6d3e21e941d4aeeb1f321a5d040fac4 http-nio-8080-exec-4] [com.example.studentmodule.mapper.StudentInfoMapper.selectPageByClass_mpCount] : ==> Parameters: C01(String)
[2023-04-19 15:21:15.150 DEBUG] [1681888864594c6d3e21e941d4aeeb1f321a5d040fac4 http-nio-8080-exec-4] [com.example.studentmodule.mapper.StudentInfoMapper.selectPageByClass_mpCount] : <==      Total: 1
[2023-04-19 15:21:15.162 DEBUG] [1681888864594c6d3e21e941d4aeeb1f321a5d040fac4 http-nio-8080-exec-4] [com.example.studentmodule.mapper.StudentInfoMapper.selectPageByClass] : ==>  Preparing: select id ,stu_id,stu_name, stu_sex,stu_birthday,stu_eng_grade, stu_class_id,stu_hight,stu_intro, stu_phone,stu_address,stu_admission_date, stu_piny from student_info where stu_class_id = ? LIMIT ?
[2023-04-19 15:21:15.164 DEBUG] [1681888864594c6d3e21e941d4aeeb1f321a5d040fac4 http-nio-8080-exec-4] [com.example.studentmodule.mapper.StudentInfoMapper.selectPageByClass] : ==> Parameters: C01(String), 10(Long)
[2023-04-19 15:21:15.179 DEBUG] [1681888864594c6d3e21e941d4aeeb1f321a5d040fac4 http-nio-8080-exec-4] [com.example.studentmodule.mapper.StudentInfoMapper.selectPageByClass] : <==      Total: 3
[2023-04-19 15:26:56.040 DEBUG] [1681889205581de9d4ddc8b42451691901cc35b5c4ba6 http-nio-8080-exec-6] [com.example.studentmodule.mapper.StudentInfoMapper.selectPageByClass_mpCount] : ==>  Preparing: SELECT COUNT(*) AS total FROM student_info WHERE stu_class_id = ?
[2023-04-19 15:26:56.092 DEBUG] [1681889205581de9d4ddc8b42451691901cc35b5c4ba6 http-nio-8080-exec-6] [com.example.studentmodule.mapper.StudentInfoMapper.selectPageByClass_mpCount] : ==> Parameters: C01(String)
[2023-04-19 15:26:56.146 DEBUG] [1681889205581de9d4ddc8b42451691901cc35b5c4ba6 http-nio-8080-exec-6] [com.example.studentmodule.mapper.StudentInfoMapper.selectPageByClass_mpCount] : <==      Total: 1
[2023-04-19 15:26:56.160 DEBUG] [1681889205581de9d4ddc8b42451691901cc35b5c4ba6 http-nio-8080-exec-6] [com.example.studentmodule.mapper.StudentInfoMapper.selectPageByClass] : ==>  Preparing: select id ,stu_id,stu_name, stu_sex,stu_birthday,stu_eng_grade, stu_class_id,stu_hight,stu_intro, stu_phone,stu_address,stu_admission_date, stu_piny from student_info where stu_class_id = ? LIMIT ?
[2023-04-19 15:26:56.162 DEBUG] [1681889205581de9d4ddc8b42451691901cc35b5c4ba6 http-nio-8080-exec-6] [com.example.studentmodule.mapper.StudentInfoMapper.selectPageByClass] : ==> Parameters: C01(String), 10(Long)
[2023-04-19 15:26:56.176 DEBUG] [1681889205581de9d4ddc8b42451691901cc35b5c4ba6 http-nio-8080-exec-6] [com.example.studentmodule.mapper.StudentInfoMapper.selectPageByClass] : <==      Total: 3
[2023-04-19 15:27:21.035 DEBUG] [168188924102466e8658e4e274670a87a1b6d47bb2010 http-nio-8080-exec-7] [com.example.studentmodule.mapper.StudentInfoMapper.selectPageByClass_mpCount] : ==>  Preparing: SELECT COUNT(*) AS total FROM student_info WHERE stu_class_id = ?
[2023-04-19 15:27:21.037 DEBUG] [168188924102466e8658e4e274670a87a1b6d47bb2010 http-nio-8080-exec-7] [com.example.studentmodule.mapper.StudentInfoMapper.selectPageByClass_mpCount] : ==> Parameters: C01(String)
[2023-04-19 15:27:21.043 DEBUG] [168188924102466e8658e4e274670a87a1b6d47bb2010 http-nio-8080-exec-7] [com.example.studentmodule.mapper.StudentInfoMapper.selectPageByClass_mpCount] : <==      Total: 1
[2023-04-19 15:27:21.044 DEBUG] [168188924102466e8658e4e274670a87a1b6d47bb2010 http-nio-8080-exec-7] [com.example.studentmodule.mapper.StudentInfoMapper.selectPageByClass] : ==>  Preparing: select id ,stu_id,stu_name, stu_sex,stu_birthday,stu_eng_grade, stu_class_id,stu_hight,stu_intro, stu_phone,stu_address,stu_admission_date, stu_piny from student_info where stu_class_id = ? LIMIT ?
[2023-04-19 15:27:21.046 DEBUG] [168188924102466e8658e4e274670a87a1b6d47bb2010 http-nio-8080-exec-7] [com.example.studentmodule.mapper.StudentInfoMapper.selectPageByClass] : ==> Parameters: C01(String), 2(Long)
[2023-04-19 15:27:21.052 DEBUG] [168188924102466e8658e4e274670a87a1b6d47bb2010 http-nio-8080-exec-7] [com.example.studentmodule.mapper.StudentInfoMapper.selectPageByClass] : <==      Total: 2
[2023-04-19 15:27:36.459 DEBUG] [1681889256449dc38ab3575c7459f928ddbcc422c092a http-nio-8080-exec-8] [com.example.studentmodule.mapper.StudentInfoMapper.selectPageByClass_mpCount] : ==>  Preparing: SELECT COUNT(*) AS total FROM student_info WHERE stu_class_id = ?
[2023-04-19 15:27:36.460 DEBUG] [1681889256449dc38ab3575c7459f928ddbcc422c092a http-nio-8080-exec-8] [com.example.studentmodule.mapper.StudentInfoMapper.selectPageByClass_mpCount] : ==> Parameters: C01(String)
[2023-04-19 15:27:36.464 DEBUG] [1681889256449dc38ab3575c7459f928ddbcc422c092a http-nio-8080-exec-8] [com.example.studentmodule.mapper.StudentInfoMapper.selectPageByClass_mpCount] : <==      Total: 1
[2023-04-19 15:27:36.466 DEBUG] [1681889256449dc38ab3575c7459f928ddbcc422c092a http-nio-8080-exec-8] [com.example.studentmodule.mapper.StudentInfoMapper.selectPageByClass] : ==>  Preparing: select id ,stu_id,stu_name, stu_sex,stu_birthday,stu_eng_grade, stu_class_id,stu_hight,stu_intro, stu_phone,stu_address,stu_admission_date, stu_piny from student_info where stu_class_id = ? LIMIT ?,?
[2023-04-19 15:27:36.468 DEBUG] [1681889256449dc38ab3575c7459f928ddbcc422c092a http-nio-8080-exec-8] [com.example.studentmodule.mapper.StudentInfoMapper.selectPageByClass] : ==> Parameters: C01(String), 2(Long), 2(Long)
[2023-04-19 15:27:36.474 DEBUG] [1681889256449dc38ab3575c7459f928ddbcc422c092a http-nio-8080-exec-8] [com.example.studentmodule.mapper.StudentInfoMapper.selectPageByClass] : <==      Total: 1
[2023-04-19 15:55:09.829 DEBUG] [168189089936566d877e85a76493f9985eaedd779aaca http-nio-8080-exec-7] [com.example.studentmodule.mapper.StudentInfoMapper.selectPage_mpCount] : ==>  Preparing: SELECT COUNT(*) FROM (select id ,stu_id,stu_name, stu_sex,stu_birthday,stu_eng_grade, stu_class_id,stu_hight,stu_intro, stu_phone,stu_address,stu_admission_date, stu_piny from student_info order by TIMESTAMPDIFF(YEAR, stu_birthday,CURDATE()) ?) TOTAL
[2023-04-19 15:55:09.881 DEBUG] [168189089936566d877e85a76493f9985eaedd779aaca http-nio-8080-exec-7] [com.example.studentmodule.mapper.StudentInfoMapper.selectPage_mpCount] : ==> Parameters: desc(String)
[2023-04-19 16:14:33.903 DEBUG] [16818920634668bb7fd1432e6414e9848a0dffeced56c http-nio-8080-exec-6] [com.example.studentmodule.mapper.StudentInfoMapper.selectPage_mpCount] : ==>  Preparing: SELECT COUNT(*) AS total FROM student_info
[2023-04-19 16:14:33.952 DEBUG] [16818920634668bb7fd1432e6414e9848a0dffeced56c http-nio-8080-exec-6] [com.example.studentmodule.mapper.StudentInfoMapper.selectPage_mpCount] : ==> Parameters: 
[2023-04-19 16:14:34.002 DEBUG] [16818920634668bb7fd1432e6414e9848a0dffeced56c http-nio-8080-exec-6] [com.example.studentmodule.mapper.StudentInfoMapper.selectPage_mpCount] : <==      Total: 1
[2023-04-19 16:14:34.013 DEBUG] [16818920634668bb7fd1432e6414e9848a0dffeced56c http-nio-8080-exec-6] [com.example.studentmodule.mapper.StudentInfoMapper.selectPage] : ==>  Preparing: select id ,stu_id,stu_name, stu_sex,stu_birthday,stu_eng_grade, stu_class_id,stu_hight,stu_intro, stu_phone,stu_address,stu_admission_date, stu_piny from student_info LIMIT ?
[2023-04-19 16:14:34.015 DEBUG] [16818920634668bb7fd1432e6414e9848a0dffeced56c http-nio-8080-exec-6] [com.example.studentmodule.mapper.StudentInfoMapper.selectPage] : ==> Parameters: 10(Long)
[2023-04-19 16:14:34.038 DEBUG] [16818920634668bb7fd1432e6414e9848a0dffeced56c http-nio-8080-exec-6] [com.example.studentmodule.mapper.StudentInfoMapper.selectPage] : <==      Total: 10
[2023-04-19 16:17:23.462 DEBUG] [168189223275734ce5290208444ebb3e2fd087e4403b6 http-nio-8080-exec-1] [com.example.studentmodule.mapper.StudentInfoMapper.selectPage_mpCount] : ==>  Preparing: SELECT COUNT(*) AS total FROM student_info
[2023-04-19 16:17:23.511 DEBUG] [168189223275734ce5290208444ebb3e2fd087e4403b6 http-nio-8080-exec-1] [com.example.studentmodule.mapper.StudentInfoMapper.selectPage_mpCount] : ==> Parameters: 
[2023-04-19 16:17:23.561 DEBUG] [168189223275734ce5290208444ebb3e2fd087e4403b6 http-nio-8080-exec-1] [com.example.studentmodule.mapper.StudentInfoMapper.selectPage_mpCount] : <==      Total: 1
[2023-04-19 16:17:23.572 DEBUG] [168189223275734ce5290208444ebb3e2fd087e4403b6 http-nio-8080-exec-1] [com.example.studentmodule.mapper.StudentInfoMapper.selectPage] : ==>  Preparing: select id ,stu_id,stu_name, stu_sex,stu_birthday,stu_eng_grade, stu_class_id,stu_hight,stu_intro, stu_phone,stu_address,stu_admission_date, stu_piny from student_info LIMIT ?
[2023-04-19 16:17:23.575 DEBUG] [168189223275734ce5290208444ebb3e2fd087e4403b6 http-nio-8080-exec-1] [com.example.studentmodule.mapper.StudentInfoMapper.selectPage] : ==> Parameters: 10(Long)
[2023-04-19 16:17:23.597 DEBUG] [168189223275734ce5290208444ebb3e2fd087e4403b6 http-nio-8080-exec-1] [com.example.studentmodule.mapper.StudentInfoMapper.selectPage] : <==      Total: 10
[2023-04-19 16:17:28.883 DEBUG] [16818922488707731b929b5f54a0eb13139e8ad07a372 http-nio-8080-exec-2] [com.example.studentmodule.mapper.StudentInfoMapper.selectPage_mpCount] : ==>  Preparing: SELECT COUNT(*) AS total FROM student_info
[2023-04-19 16:17:28.884 DEBUG] [16818922488707731b929b5f54a0eb13139e8ad07a372 http-nio-8080-exec-2] [com.example.studentmodule.mapper.StudentInfoMapper.selectPage_mpCount] : ==> Parameters: 
[2023-04-19 16:17:28.893 DEBUG] [16818922488707731b929b5f54a0eb13139e8ad07a372 http-nio-8080-exec-2] [com.example.studentmodule.mapper.StudentInfoMapper.selectPage_mpCount] : <==      Total: 1
[2023-04-19 16:17:28.894 DEBUG] [16818922488707731b929b5f54a0eb13139e8ad07a372 http-nio-8080-exec-2] [com.example.studentmodule.mapper.StudentInfoMapper.selectPage] : ==>  Preparing: select id ,stu_id,stu_name, stu_sex,stu_birthday,stu_eng_grade, stu_class_id,stu_hight,stu_intro, stu_phone,stu_address,stu_admission_date, stu_piny from student_info LIMIT ?
[2023-04-19 16:17:28.895 DEBUG] [16818922488707731b929b5f54a0eb13139e8ad07a372 http-nio-8080-exec-2] [com.example.studentmodule.mapper.StudentInfoMapper.selectPage] : ==> Parameters: 5(Long)
[2023-04-19 16:17:28.903 DEBUG] [16818922488707731b929b5f54a0eb13139e8ad07a372 http-nio-8080-exec-2] [com.example.studentmodule.mapper.StudentInfoMapper.selectPage] : <==      Total: 5
[2023-04-19 16:17:37.186 DEBUG] [16818922571775219c10fd5fe4b1292176c493d21593c http-nio-8080-exec-4] [com.example.studentmodule.mapper.StudentInfoMapper.selectPage_mpCount] : ==>  Preparing: SELECT COUNT(*) AS total FROM student_info
[2023-04-19 16:17:37.187 DEBUG] [16818922571775219c10fd5fe4b1292176c493d21593c http-nio-8080-exec-4] [com.example.studentmodule.mapper.StudentInfoMapper.selectPage_mpCount] : ==> Parameters: 
[2023-04-19 16:17:37.191 DEBUG] [16818922571775219c10fd5fe4b1292176c493d21593c http-nio-8080-exec-4] [com.example.studentmodule.mapper.StudentInfoMapper.selectPage_mpCount] : <==      Total: 1
[2023-04-19 16:17:37.192 DEBUG] [16818922571775219c10fd5fe4b1292176c493d21593c http-nio-8080-exec-4] [com.example.studentmodule.mapper.StudentInfoMapper.selectPage] : ==>  Preparing: select id ,stu_id,stu_name, stu_sex,stu_birthday,stu_eng_grade, stu_class_id,stu_hight,stu_intro, stu_phone,stu_address,stu_admission_date, stu_piny from student_info LIMIT ?
[2023-04-19 16:17:37.193 DEBUG] [16818922571775219c10fd5fe4b1292176c493d21593c http-nio-8080-exec-4] [com.example.studentmodule.mapper.StudentInfoMapper.selectPage] : ==> Parameters: 5(Long)
[2023-04-19 16:17:37.205 DEBUG] [16818922571775219c10fd5fe4b1292176c493d21593c http-nio-8080-exec-4] [com.example.studentmodule.mapper.StudentInfoMapper.selectPage] : <==      Total: 5
[2023-04-19 16:17:43.123 DEBUG] [16818922631144bd006d396a7473dba6bdce646a371d8 http-nio-8080-exec-5] [com.example.studentmodule.mapper.StudentInfoMapper.selectPage_mpCount] : ==>  Preparing: SELECT COUNT(*) AS total FROM student_info
[2023-04-19 16:17:43.124 DEBUG] [16818922631144bd006d396a7473dba6bdce646a371d8 http-nio-8080-exec-5] [com.example.studentmodule.mapper.StudentInfoMapper.selectPage_mpCount] : ==> Parameters: 
[2023-04-19 16:17:43.128 DEBUG] [16818922631144bd006d396a7473dba6bdce646a371d8 http-nio-8080-exec-5] [com.example.studentmodule.mapper.StudentInfoMapper.selectPage_mpCount] : <==      Total: 1
[2023-04-19 16:17:43.130 DEBUG] [16818922631144bd006d396a7473dba6bdce646a371d8 http-nio-8080-exec-5] [com.example.studentmodule.mapper.StudentInfoMapper.selectPage] : ==>  Preparing: select id ,stu_id,stu_name, stu_sex,stu_birthday,stu_eng_grade, stu_class_id,stu_hight,stu_intro, stu_phone,stu_address,stu_admission_date, stu_piny from student_info LIMIT ?
[2023-04-19 16:17:43.130 DEBUG] [16818922631144bd006d396a7473dba6bdce646a371d8 http-nio-8080-exec-5] [com.example.studentmodule.mapper.StudentInfoMapper.selectPage] : ==> Parameters: 5(Long)
[2023-04-19 16:17:43.138 DEBUG] [16818922631144bd006d396a7473dba6bdce646a371d8 http-nio-8080-exec-5] [com.example.studentmodule.mapper.StudentInfoMapper.selectPage] : <==      Total: 5
[2023-04-19 16:18:28.183 DEBUG] [16818923081732d090e680fe740ff95cff515691b1536 http-nio-8080-exec-9] [com.example.studentmodule.mapper.StudentInfoMapper.selectPage_mpCount] : ==>  Preparing: SELECT COUNT(*) AS total FROM student_info
[2023-04-19 16:18:28.184 DEBUG] [16818923081732d090e680fe740ff95cff515691b1536 http-nio-8080-exec-9] [com.example.studentmodule.mapper.StudentInfoMapper.selectPage_mpCount] : ==> Parameters: 
[2023-04-19 16:18:28.188 DEBUG] [16818923081732d090e680fe740ff95cff515691b1536 http-nio-8080-exec-9] [com.example.studentmodule.mapper.StudentInfoMapper.selectPage_mpCount] : <==      Total: 1
[2023-04-19 16:18:28.189 DEBUG] [16818923081732d090e680fe740ff95cff515691b1536 http-nio-8080-exec-9] [com.example.studentmodule.mapper.StudentInfoMapper.selectPage] : ==>  Preparing: select id ,stu_id,stu_name, stu_sex,stu_birthday,stu_eng_grade, stu_class_id,stu_hight,stu_intro, stu_phone,stu_address,stu_admission_date, stu_piny from student_info LIMIT ?
[2023-04-19 16:18:28.191 DEBUG] [16818923081732d090e680fe740ff95cff515691b1536 http-nio-8080-exec-9] [com.example.studentmodule.mapper.StudentInfoMapper.selectPage] : ==> Parameters: 5(Long)
[2023-04-19 16:18:28.197 DEBUG] [16818923081732d090e680fe740ff95cff515691b1536 http-nio-8080-exec-9] [com.example.studentmodule.mapper.StudentInfoMapper.selectPage] : <==      Total: 5
[2023-04-19 16:23:28.235 DEBUG] [16818925975942e77b2ed99354d1c86207d294e03f8c7 http-nio-8080-exec-1] [com.example.studentmodule.mapper.StudentInfoMapper.selectPage_mpCount] : ==>  Preparing: SELECT COUNT(*) AS total FROM student_info
[2023-04-19 16:23:28.286 DEBUG] [16818925975942e77b2ed99354d1c86207d294e03f8c7 http-nio-8080-exec-1] [com.example.studentmodule.mapper.StudentInfoMapper.selectPage_mpCount] : ==> Parameters: 
[2023-04-19 16:23:28.337 DEBUG] [16818925975942e77b2ed99354d1c86207d294e03f8c7 http-nio-8080-exec-1] [com.example.studentmodule.mapper.StudentInfoMapper.selectPage_mpCount] : <==      Total: 1
[2023-04-19 16:23:28.351 DEBUG] [16818925975942e77b2ed99354d1c86207d294e03f8c7 http-nio-8080-exec-1] [com.example.studentmodule.mapper.StudentInfoMapper.selectPage] : ==>  Preparing: select id ,stu_id,stu_name, stu_sex,stu_birthday,stu_eng_grade, stu_class_id,stu_hight,stu_intro, stu_phone,stu_address,stu_admission_date, stu_piny from student_info LIMIT ?
[2023-04-19 16:23:28.353 DEBUG] [16818925975942e77b2ed99354d1c86207d294e03f8c7 http-nio-8080-exec-1] [com.example.studentmodule.mapper.StudentInfoMapper.selectPage] : ==> Parameters: 5(Long)
[2023-04-19 16:23:28.369 DEBUG] [16818925975942e77b2ed99354d1c86207d294e03f8c7 http-nio-8080-exec-1] [com.example.studentmodule.mapper.StudentInfoMapper.selectPage] : <==      Total: 5
[2023-04-19 16:26:39.438 DEBUG] [168189278898352ebde8c97c044e8832fc61dce90b7ab http-nio-8080-exec-6] [com.example.studentmodule.mapper.StudentInfoMapper.selectPage_mpCount] : ==>  Preparing: SELECT COUNT(*) AS total FROM student_info
[2023-04-19 16:26:39.484 DEBUG] [168189278898352ebde8c97c044e8832fc61dce90b7ab http-nio-8080-exec-6] [com.example.studentmodule.mapper.StudentInfoMapper.selectPage_mpCount] : ==> Parameters: 
[2023-04-19 16:26:39.532 DEBUG] [168189278898352ebde8c97c044e8832fc61dce90b7ab http-nio-8080-exec-6] [com.example.studentmodule.mapper.StudentInfoMapper.selectPage_mpCount] : <==      Total: 1
[2023-04-19 16:26:39.545 DEBUG] [168189278898352ebde8c97c044e8832fc61dce90b7ab http-nio-8080-exec-6] [com.example.studentmodule.mapper.StudentInfoMapper.selectPage] : ==>  Preparing: select id ,stu_id,stu_name, stu_sex,stu_birthday,stu_eng_grade, stu_class_id,stu_hight,stu_intro, stu_phone,stu_address,stu_admission_date, stu_piny from student_info LIMIT ?
[2023-04-19 16:26:39.547 DEBUG] [168189278898352ebde8c97c044e8832fc61dce90b7ab http-nio-8080-exec-6] [com.example.studentmodule.mapper.StudentInfoMapper.selectPage] : ==> Parameters: 10(Long)
[2023-04-19 16:26:39.567 DEBUG] [168189278898352ebde8c97c044e8832fc61dce90b7ab http-nio-8080-exec-6] [com.example.studentmodule.mapper.StudentInfoMapper.selectPage] : <==      Total: 10
[2023-04-19 16:28:47.301 DEBUG] [168189291665813b55cc121af405b96847c1cc52354c8 http-nio-8080-exec-1] [com.example.studentmodule.mapper.StudentInfoMapper.selectPage_mpCount] : ==>  Preparing: SELECT COUNT(*) AS total FROM student_info
[2023-04-19 16:28:47.351 DEBUG] [168189291665813b55cc121af405b96847c1cc52354c8 http-nio-8080-exec-1] [com.example.studentmodule.mapper.StudentInfoMapper.selectPage_mpCount] : ==> Parameters: 
[2023-04-19 16:28:47.400 DEBUG] [168189291665813b55cc121af405b96847c1cc52354c8 http-nio-8080-exec-1] [com.example.studentmodule.mapper.StudentInfoMapper.selectPage_mpCount] : <==      Total: 1
[2023-04-19 16:28:47.414 DEBUG] [168189291665813b55cc121af405b96847c1cc52354c8 http-nio-8080-exec-1] [com.example.studentmodule.mapper.StudentInfoMapper.selectPage] : ==>  Preparing: select id ,stu_id,stu_name, stu_sex,stu_birthday,stu_eng_grade, stu_class_id,stu_hight,stu_intro, stu_phone,stu_address,stu_admission_date, stu_piny from student_info LIMIT ?
[2023-04-19 16:28:47.417 DEBUG] [168189291665813b55cc121af405b96847c1cc52354c8 http-nio-8080-exec-1] [com.example.studentmodule.mapper.StudentInfoMapper.selectPage] : ==> Parameters: 5(Long)
[2023-04-19 16:28:47.432 DEBUG] [168189291665813b55cc121af405b96847c1cc52354c8 http-nio-8080-exec-1] [com.example.studentmodule.mapper.StudentInfoMapper.selectPage] : <==      Total: 5
[2023-04-19 16:30:09.214 DEBUG] [1681892998594dbda4bf5b39e448b981eec158493b1e5 http-nio-8080-exec-1] [com.example.studentmodule.mapper.StudentInfoMapper.selectPage_mpCount] : ==>  Preparing: SELECT COUNT(*) AS total FROM student_info ORDER BY ?
[2023-04-19 16:30:09.293 DEBUG] [1681892998594dbda4bf5b39e448b981eec158493b1e5 http-nio-8080-exec-1] [com.example.studentmodule.mapper.StudentInfoMapper.selectPage_mpCount] : ==> Parameters: com.baomidou.mybatisplus.core.conditions.query.QueryWrapper@121487ed(QueryWrapper)
[2023-04-19 16:30:09.345 DEBUG] [1681892998594dbda4bf5b39e448b981eec158493b1e5 http-nio-8080-exec-1] [com.example.studentmodule.mapper.StudentInfoMapper.selectPage_mpCount] : <==      Total: 1
[2023-04-19 16:30:09.357 DEBUG] [1681892998594dbda4bf5b39e448b981eec158493b1e5 http-nio-8080-exec-1] [com.example.studentmodule.mapper.StudentInfoMapper.selectPage] : ==>  Preparing: select id ,stu_id,stu_name, stu_sex,stu_birthday,stu_eng_grade, stu_class_id,stu_hight,stu_intro, stu_phone,stu_address,stu_admission_date, stu_piny from student_info order by ? LIMIT ?
[2023-04-19 16:30:09.359 DEBUG] [1681892998594dbda4bf5b39e448b981eec158493b1e5 http-nio-8080-exec-1] [com.example.studentmodule.mapper.StudentInfoMapper.selectPage] : ==> Parameters: com.baomidou.mybatisplus.core.conditions.query.QueryWrapper@121487ed(QueryWrapper), 5(Long)
[2023-04-19 16:30:09.374 DEBUG] [1681892998594dbda4bf5b39e448b981eec158493b1e5 http-nio-8080-exec-1] [com.example.studentmodule.mapper.StudentInfoMapper.selectPage] : <==      Total: 5
[2023-04-19 16:30:34.311 DEBUG] [1681893034298ed8eb691f2034f8e8479966d363ee705 http-nio-8080-exec-2] [com.example.studentmodule.mapper.StudentInfoMapper.selectPage_mpCount] : ==>  Preparing: SELECT COUNT(*) AS total FROM student_info ORDER BY ?
[2023-04-19 16:30:34.313 DEBUG] [1681893034298ed8eb691f2034f8e8479966d363ee705 http-nio-8080-exec-2] [com.example.studentmodule.mapper.StudentInfoMapper.selectPage_mpCount] : ==> Parameters: com.baomidou.mybatisplus.core.conditions.query.QueryWrapper@48e56eca(QueryWrapper)
[2023-04-19 16:30:34.318 DEBUG] [1681893034298ed8eb691f2034f8e8479966d363ee705 http-nio-8080-exec-2] [com.example.studentmodule.mapper.StudentInfoMapper.selectPage_mpCount] : <==      Total: 1
[2023-04-19 16:30:34.320 DEBUG] [1681893034298ed8eb691f2034f8e8479966d363ee705 http-nio-8080-exec-2] [com.example.studentmodule.mapper.StudentInfoMapper.selectPage] : ==>  Preparing: select id ,stu_id,stu_name, stu_sex,stu_birthday,stu_eng_grade, stu_class_id,stu_hight,stu_intro, stu_phone,stu_address,stu_admission_date, stu_piny from student_info order by ? LIMIT ?
[2023-04-19 16:30:34.322 DEBUG] [1681893034298ed8eb691f2034f8e8479966d363ee705 http-nio-8080-exec-2] [com.example.studentmodule.mapper.StudentInfoMapper.selectPage] : ==> Parameters: com.baomidou.mybatisplus.core.conditions.query.QueryWrapper@48e56eca(QueryWrapper), 5(Long)
[2023-04-19 16:30:34.333 DEBUG] [1681893034298ed8eb691f2034f8e8479966d363ee705 http-nio-8080-exec-2] [com.example.studentmodule.mapper.StudentInfoMapper.selectPage] : <==      Total: 5
[2023-04-19 16:35:26.831 DEBUG] [168189331617156ce4651f9be42efb693c60780993b63 http-nio-8080-exec-1] [com.example.studentmodule.mapper.StudentInfoMapper.selectPage_mpCount] : ==>  Preparing: SELECT COUNT(*) AS total FROM student_info
[2023-04-19 16:35:26.884 DEBUG] [168189331617156ce4651f9be42efb693c60780993b63 http-nio-8080-exec-1] [com.example.studentmodule.mapper.StudentInfoMapper.selectPage_mpCount] : ==> Parameters: 
[2023-04-19 16:35:26.938 DEBUG] [168189331617156ce4651f9be42efb693c60780993b63 http-nio-8080-exec-1] [com.example.studentmodule.mapper.StudentInfoMapper.selectPage_mpCount] : <==      Total: 1
[2023-04-19 16:35:26.954 DEBUG] [168189331617156ce4651f9be42efb693c60780993b63 http-nio-8080-exec-1] [com.example.studentmodule.mapper.StudentInfoMapper.selectPage] : ==>  Preparing: select id ,stu_id,stu_name, stu_sex,stu_birthday,stu_eng_grade, stu_class_id,stu_hight,stu_intro, stu_phone,stu_address,stu_admission_date, stu_piny from student_info LIMIT ?
[2023-04-19 16:35:26.956 DEBUG] [168189331617156ce4651f9be42efb693c60780993b63 http-nio-8080-exec-1] [com.example.studentmodule.mapper.StudentInfoMapper.selectPage] : ==> Parameters: 5(Long)
[2023-04-19 16:35:26.971 DEBUG] [168189331617156ce4651f9be42efb693c60780993b63 http-nio-8080-exec-1] [com.example.studentmodule.mapper.StudentInfoMapper.selectPage] : <==      Total: 5
