[2023-04-20 08:20:20.274 INFO ] [ main] [com.example.StudentModuleApplication] : Starting StudentModuleApplication on DESKTOP-VKU3LBV with PID 25408 (C:\Users\yangman\Desktop\CourseDemo\CourseDemo\student-module\target\classes started by yangman in C:\Users\yangman\Desktop\CourseDemo\CourseDemo)
[2023-04-20 08:20:20.281 INFO ] [ main] [com.example.StudentModuleApplication] : The following profiles are active: dev
[2023-04-20 08:20:21.680 INFO ] [ main] [org.springframework.data.repository.config.RepositoryConfigurationDelegate] : Multiple Spring Data modules found, entering strict repository configuration mode!
[2023-04-20 08:20:21.683 INFO ] [ main] [org.springframework.data.repository.config.RepositoryConfigurationDelegate] : Bootstrapping Spring Data Redis repositories in DEFAULT mode.
[2023-04-20 08:20:21.749 INFO ] [ main] [org.springframework.data.repository.config.RepositoryConfigurationDelegate] : Finished Spring Data repository scanning in 42ms. Found 0 Redis repository interfaces.
[2023-04-20 08:20:22.708 INFO ] [ main] [org.springframework.boot.web.embedded.tomcat.TomcatWebServer] : Tomcat initialized with port(s): 8080 (http)
[2023-04-20 08:20:22.721 INFO ] [ main] [org.apache.coyote.http11.Http11NioProtocol] : Initializing ProtocolHandler ["http-nio-8080"]
[2023-04-20 08:20:22.722 INFO ] [ main] [org.apache.catalina.core.StandardService] : Starting service [Tomcat]
[2023-04-20 08:20:22.722 INFO ] [ main] [org.apache.catalina.core.StandardEngine] : Starting Servlet engine: [Apache Tomcat/9.0.37]
[2023-04-20 08:20:22.863 INFO ] [ main] [org.apache.catalina.core.ContainerBase.[Tomcat].[localhost].[/]] : Initializing Spring embedded WebApplicationContext
[2023-04-20 08:20:22.864 INFO ] [ main] [org.springframework.boot.web.servlet.context.ServletWebServerApplicationContext] : Root WebApplicationContext: initialization completed in 2504 ms
[2023-04-20 08:20:25.133 INFO ] [ main] [org.springframework.scheduling.concurrent.ThreadPoolTaskExecutor] : Initializing ExecutorService 'applicationTaskExecutor'
[2023-04-20 08:20:25.862 INFO ] [ main] [org.apache.coyote.http11.Http11NioProtocol] : Starting ProtocolHandler ["http-nio-8080"]
[2023-04-20 08:20:25.885 INFO ] [ main] [org.springframework.boot.web.embedded.tomcat.TomcatWebServer] : Tomcat started on port(s): 8080 (http) with context path ''
[2023-04-20 08:20:26.114 INFO ] [ main] [com.example.StudentModuleApplication] : Started StudentModuleApplication in 6.66 seconds (JVM running for 8.616)
[2023-04-20 08:21:37.283 INFO ] [ http-nio-8080-exec-1] [org.apache.catalina.core.ContainerBase.[Tomcat].[localhost].[/]] : Initializing Spring DispatcherServlet 'dispatcherServlet'
[2023-04-20 08:21:37.283 INFO ] [ http-nio-8080-exec-1] [org.springframework.web.servlet.DispatcherServlet] : Initializing Servlet 'dispatcherServlet'
[2023-04-20 08:21:37.298 INFO ] [ http-nio-8080-exec-1] [org.springframework.web.servlet.DispatcherServlet] : Completed initialization in 15 ms
[2023-04-20 08:21:37.777 INFO ] [16819500976826da87e4d3bdc43cdad7113f256ad8443 http-nio-8080-exec-9] [com.example.commonmodule.logging.ControllerLogger] : [GET_Request]=>springfox.documentation.swagger.web.ApiResourceController.uiConfiguration:[]
[2023-04-20 08:21:37.812 INFO ] [16819500976826da87e4d3bdc43cdad7113f256ad8443 http-nio-8080-exec-9] [com.example.commonmodule.logging.ControllerLogger] : [Response]<=springfox.documentation.swagger.web.ApiResourceController.uiConfiguration:{"body":{"deepLinking":true,"defaultModelExpandDepth":1,"defaultModelRendering":"EXAMPLE","defaultModelsExpandDepth":1,"displayOperationId":false,"displayRequestDuration":false,"docExpansion":"NONE","filter":false,"operationsSorter":"ALPHA","showCommonExtensions":false,"showExtensions":false,"supportedSubmitMethods":["get","put","post","delete","options","head","patch","trace"],"swaggerBaseUiUrl":"","tagsSorter":"ALPHA","validatorUrl":""},"headers":{},"statusCode":"OK","statusCodeValue":200}
[2023-04-20 08:21:37.863 INFO ] [1681950097862252db9fd7fe54855802c1cb566d93afb http-nio-8080-exec-10] [com.example.commonmodule.logging.ControllerLogger] : [GET_Request]=>springfox.documentation.swagger.web.ApiResourceController.securityConfiguration:[]
[2023-04-20 08:21:37.865 INFO ] [1681950097862252db9fd7fe54855802c1cb566d93afb http-nio-8080-exec-10] [com.example.commonmodule.logging.ControllerLogger] : [Response]<=springfox.documentation.swagger.web.ApiResourceController.securityConfiguration:{"body":{},"headers":{},"statusCode":"OK","statusCodeValue":200}
[2023-04-20 08:21:37.880 INFO ] [1681950097879b0d24fb2234949a6ba8e0489487af081 http-nio-8080-exec-1] [com.example.commonmodule.logging.ControllerLogger] : [GET_Request]=>springfox.documentation.swagger.web.ApiResourceController.swaggerResources:[]
[2023-04-20 08:21:37.882 INFO ] [1681950097879b0d24fb2234949a6ba8e0489487af081 http-nio-8080-exec-1] [com.example.commonmodule.logging.ControllerLogger] : [Response]<=springfox.documentation.swagger.web.ApiResourceController.swaggerResources:{"body":[{"location":"/v2/api-docs","name":"default","swaggerVersion":"2.0","url":"/v2/api-docs"}],"headers":{},"statusCode":"OK","statusCodeValue":200}
[2023-04-20 08:21:37.926 INFO ] [16819500979133efe7de533984e6e9be44f69150a1fe8 http-nio-8080-exec-4] [com.example.commonmodule.logging.ControllerLogger] : [SYNC_Request]=>http://localhost:8080/v2/api-docs}
[2023-04-20 08:21:37.927 INFO ] [16819500979133efe7de533984e6e9be44f69150a1fe8 http-nio-8080-exec-4] [com.example.commonmodule.logging.ControllerLogger] : [GET_Request]=>springfox.documentation.swagger2.web.Swagger2ControllerWebMvc.getDocumentation:[null]
[2023-04-20 08:21:38.023 INFO ] [16819500979133efe7de533984e6e9be44f69150a1fe8 http-nio-8080-exec-4] [com.example.commonmodule.logging.ControllerLogger] : :"按照年龄排序获取所有学生列表数据(分页)","operationId":"pageListOrderByAgeUsingPOST","consumes":["application/json"],"produces":["*/*"],"parameters":[{"name":"order","in":"query","description":"order","required":false,"type":"string","default":"desc"},{"name":"pageNum","in":"query","description":"pageNum","required":false,"type":"integer","default":1,"format":"int32"},{"name":"pageSize","in":"query","description":"pageSize","required":false,"type":"integer","default":10,"format":"int32"}],"responses":{"200":{"description":"OK","schema":{"$ref":"#/definitions/ServerResponse«IPage«StudentInfoVo»»"}},"201":{"description":"Created"},"401":{"description":"Unauthorized"},"403":{"description":"Forbidden"},"404":{"description":"Not Found"}}}},"/student_info/search":{"post":{"tags":["学生信息接口API"],"summary":"根据学号查询学生信息接口（无班级名称）","operationId":"getStudentInfoUsingPOST","consumes":["application/json"],"produces":["*/*"],"parameters":[{"name":"studentID","in":"query","description":"studentID","required":true,"type":"string"}],"responses":{"200":{"description":"OK","schema":{"$ref":"#/definitions/ServerResponse«StudentInfoVo»"}},"201":{"description":"Created"},"401":{"description":"Unauthorized"},"403":{"description":"Forbidden"},"404":{"description":"Not Found"}}}},"/student_info/searchWithClassInfo":{"post":{"tags":["学生信息接口API"],"summary":"根据学号查询学生信息接口（含班级名称）","operationId":"getStudentInfoWithClassUsingPOST","consumes":["application/json"],"produces":["*/*"],"parameters":[{"name":"studentID","in":"query","description":"studentID","required":true,"type":"string"}],"responses":{"200":{"description":"OK","schema":{"$ref":"#/definitions/ServerResponse«StudentInfoVo»"}},"201":{"description":"Created"},"401":{"description":"Unauthorized"},"403":{"description":"Forbidden"},"404":{"description":"Not Found"}}}},"/student_info/update":{"post":{"tags":["学生信息接口API"],"summary":"修改学生信息","operationId":"updateStudentUsingPOST","consumes":["application/json"],"produces":["*/*"],"parameters":[{"in":"body","name":"body","description":"body","required":true,"schema":{"type":"object"}}],"responses":{"200":{"description":"OK","schema":{"$ref":"#/definitions/ServerResponse«string»"}},"201":{"description":"Created"},"401":{"description":"Unauthorized"},"403":{"description":"Forbidden"},"404":{"description":"Not Found"}}}}},"definitions":{"IPage«StudentInfoVo»":{"type":"object","properties":{"current":{"type":"integer","format":"int64"},"pages":{"type":"integer","format":"int64"},"records":{"type":"array","items":{"$ref":"#/definitions/StudentInfoVo"}},"size":{"type":"integer","format":"int64"},"total":{"type":"integer","format":"int64"}},"title":"IPage«StudentInfoVo»"},"ServerResponse«IPage«StudentInfoVo»»":{"type":"object","properties":{"data":{"$ref":"#/definitions/IPage«StudentInfoVo»"},"msg":{"type":"string"},"status":{"type":"integer","format":"int32"},"success":{"type":"boolean"}},"title":"ServerResponse«IPage«StudentInfoVo»»"},"ServerResponse«StudentInfoVo»":{"type":"object","properties":{"data":{"$ref":"#/definitions/StudentInfoVo"},"msg":{"type":"string"},"status":{"type":"integer","format":"int32"},"success":{"type":"boolean"}},"title":"ServerResponse«StudentInfoVo»"},"ServerResponse«string»":{"type":"object","properties":{"data":{"type":"string"},"msg":{"type":"string"},"status":{"type":"integer","format":"int32"},"success":{"type":"boolean"}},"title":"ServerResponse«string»"},"StudentInfoVo":{"type":"object","properties":{"id":{"type":"integer","format":"int64"},"stuAddress":{"type":"string"},"stuAdmissionDate":{"type":"string","format":"date-time"},"stuBirthday":{"type":"string","format":"date-time"},"stuClassId":{"type":"string"},"stuClassName":{"type":"string"},"stuEngGrade":{"type":"string"},"stuHight":{"type":"number"},"stuId":{"type":"string"},"stuIntro":{"type":"string"},"stuName":{"type":"string"},"stuPhone":{"type":"string"},"stuPiny":{"type":"string"},"stuSex":{"type":"string"}},"title":"StudentInfoVo"}}},"headers":{},"statusCode":"OK","statusCodeValue":200}
[2023-04-20 08:21:50.105 INFO ] [1681950110100c93642ba8e1d4039a9b72b5af4e9f0e8 http-nio-8080-exec-6] [com.example.commonmodule.logging.ControllerLogger] : [POST_Request]=>com.example.studentmodule.controller.StudentInfoController.getStudentInfo:["2023001"]
[2023-04-20 08:21:50.133 INFO ] [1681950110100c93642ba8e1d4039a9b72b5af4e9f0e8 http-nio-8080-exec-6] [com.zaxxer.hikari.HikariDataSource] : HikariPool-1 - Starting...
[2023-04-20 08:22:00.285 INFO ] [1681950110100c93642ba8e1d4039a9b72b5af4e9f0e8 http-nio-8080-exec-6] [com.zaxxer.hikari.HikariDataSource] : HikariPool-1 - Start completed.
[2023-04-20 08:22:00.367 INFO ] [1681950110100c93642ba8e1d4039a9b72b5af4e9f0e8 http-nio-8080-exec-6] [com.example.commonmodule.logging.ControllerLogger] : [Response]<=com.example.studentmodule.controller.StudentInfoController.getStudentInfo:{"data":{"stuAddress":"浙江省温州市瓯海区","stuAdmissionDate":1662739200000,"stuBirthday":903801600000,"stuClassId":"C01","stuEngGrade":"6级","stuHight":171.5,"stuId":"2023001","stuName":"张三","stuPhone":"13612345678","stuSex":"男"},"status":20000,"success":true}
[2023-04-20 08:23:09.446 INFO ] [ SpringContextShutdownHook] [org.springframework.scheduling.concurrent.ThreadPoolTaskExecutor] : Shutting down ExecutorService 'applicationTaskExecutor'
[2023-04-20 08:23:09.448 INFO ] [ SpringContextShutdownHook] [com.zaxxer.hikari.HikariDataSource] : HikariPool-1 - Shutdown initiated...
[2023-04-20 08:23:10.538 INFO ] [ SpringContextShutdownHook] [com.zaxxer.hikari.HikariDataSource] : HikariPool-1 - Shutdown completed.
[2023-04-20 08:23:15.381 INFO ] [ main] [com.example.StudentModuleApplication] : Starting StudentModuleApplication on DESKTOP-VKU3LBV with PID 10104 (C:\Users\yangman\Desktop\CourseDemo\CourseDemo\student-module\target\classes started by yangman in C:\Users\yangman\Desktop\CourseDemo\CourseDemo)
[2023-04-20 08:23:15.386 INFO ] [ main] [com.example.StudentModuleApplication] : The following profiles are active: dev
[2023-04-20 08:23:16.462 INFO ] [ main] [org.springframework.data.repository.config.RepositoryConfigurationDelegate] : Multiple Spring Data modules found, entering strict repository configuration mode!
[2023-04-20 08:23:16.466 INFO ] [ main] [org.springframework.data.repository.config.RepositoryConfigurationDelegate] : Bootstrapping Spring Data Redis repositories in DEFAULT mode.
[2023-04-20 08:23:16.524 INFO ] [ main] [org.springframework.data.repository.config.RepositoryConfigurationDelegate] : Finished Spring Data repository scanning in 31ms. Found 0 Redis repository interfaces.
[2023-04-20 08:23:17.404 INFO ] [ main] [org.springframework.boot.web.embedded.tomcat.TomcatWebServer] : Tomcat initialized with port(s): 8080 (http)
[2023-04-20 08:23:17.418 INFO ] [ main] [org.apache.coyote.http11.Http11NioProtocol] : Initializing ProtocolHandler ["http-nio-8080"]
[2023-04-20 08:23:17.419 INFO ] [ main] [org.apache.catalina.core.StandardService] : Starting service [Tomcat]
[2023-04-20 08:23:17.419 INFO ] [ main] [org.apache.catalina.core.StandardEngine] : Starting Servlet engine: [Apache Tomcat/9.0.37]
[2023-04-20 08:23:17.563 INFO ] [ main] [org.apache.catalina.core.ContainerBase.[Tomcat].[localhost].[/]] : Initializing Spring embedded WebApplicationContext
[2023-04-20 08:23:17.563 INFO ] [ main] [org.springframework.boot.web.servlet.context.ServletWebServerApplicationContext] : Root WebApplicationContext: initialization completed in 2114 ms
[2023-04-20 08:23:19.874 INFO ] [ main] [org.springframework.scheduling.concurrent.ThreadPoolTaskExecutor] : Initializing ExecutorService 'applicationTaskExecutor'
[2023-04-20 08:23:20.631 INFO ] [ main] [org.apache.coyote.http11.Http11NioProtocol] : Starting ProtocolHandler ["http-nio-8080"]
[2023-04-20 08:23:20.657 INFO ] [ main] [org.springframework.boot.web.embedded.tomcat.TomcatWebServer] : Tomcat started on port(s): 8080 (http) with context path ''
[2023-04-20 08:23:20.976 INFO ] [ main] [com.example.StudentModuleApplication] : Started StudentModuleApplication in 6.294 seconds (JVM running for 7.633)
[2023-04-20 08:23:51.374 INFO ] [ SpringContextShutdownHook] [org.springframework.scheduling.concurrent.ThreadPoolTaskExecutor] : Shutting down ExecutorService 'applicationTaskExecutor'
[2023-04-20 08:23:57.165 INFO ] [ main] [com.example.StudentModuleApplication] : Starting StudentModuleApplication on DESKTOP-VKU3LBV with PID 13460 (C:\Users\yangman\Desktop\CourseDemo\CourseDemo\student-module\target\classes started by yangman in C:\Users\yangman\Desktop\CourseDemo\CourseDemo)
[2023-04-20 08:23:57.169 INFO ] [ main] [com.example.StudentModuleApplication] : The following profiles are active: dev
[2023-04-20 08:23:58.577 INFO ] [ main] [org.springframework.data.repository.config.RepositoryConfigurationDelegate] : Multiple Spring Data modules found, entering strict repository configuration mode!
[2023-04-20 08:23:58.587 INFO ] [ main] [org.springframework.data.repository.config.RepositoryConfigurationDelegate] : Bootstrapping Spring Data Redis repositories in DEFAULT mode.
[2023-04-20 08:23:58.633 INFO ] [ main] [org.springframework.data.repository.config.RepositoryConfigurationDelegate] : Finished Spring Data repository scanning in 28ms. Found 0 Redis repository interfaces.
[2023-04-20 08:23:59.505 INFO ] [ main] [org.springframework.boot.web.embedded.tomcat.TomcatWebServer] : Tomcat initialized with port(s): 8080 (http)
[2023-04-20 08:23:59.516 INFO ] [ main] [org.apache.coyote.http11.Http11NioProtocol] : Initializing ProtocolHandler ["http-nio-8080"]
[2023-04-20 08:23:59.517 INFO ] [ main] [org.apache.catalina.core.StandardService] : Starting service [Tomcat]
[2023-04-20 08:23:59.517 INFO ] [ main] [org.apache.catalina.core.StandardEngine] : Starting Servlet engine: [Apache Tomcat/9.0.37]
[2023-04-20 08:23:59.662 INFO ] [ main] [org.apache.catalina.core.ContainerBase.[Tomcat].[localhost].[/]] : Initializing Spring embedded WebApplicationContext
[2023-04-20 08:23:59.662 INFO ] [ main] [org.springframework.boot.web.servlet.context.ServletWebServerApplicationContext] : Root WebApplicationContext: initialization completed in 2424 ms
[2023-04-20 08:24:01.943 INFO ] [ main] [org.springframework.scheduling.concurrent.ThreadPoolTaskExecutor] : Initializing ExecutorService 'applicationTaskExecutor'
[2023-04-20 08:24:02.694 INFO ] [ main] [org.apache.coyote.http11.Http11NioProtocol] : Starting ProtocolHandler ["http-nio-8080"]
[2023-04-20 08:24:02.720 INFO ] [ main] [org.springframework.boot.web.embedded.tomcat.TomcatWebServer] : Tomcat started on port(s): 8080 (http) with context path ''
[2023-04-20 08:24:02.966 INFO ] [ main] [com.example.StudentModuleApplication] : Started StudentModuleApplication in 6.532 seconds (JVM running for 7.984)
[2023-04-20 08:24:13.118 INFO ] [ http-nio-8080-exec-1] [org.apache.catalina.core.ContainerBase.[Tomcat].[localhost].[/]] : Initializing Spring DispatcherServlet 'dispatcherServlet'
[2023-04-20 08:24:13.119 INFO ] [ http-nio-8080-exec-1] [org.springframework.web.servlet.DispatcherServlet] : Initializing Servlet 'dispatcherServlet'
[2023-04-20 08:24:13.133 INFO ] [ http-nio-8080-exec-1] [org.springframework.web.servlet.DispatcherServlet] : Completed initialization in 14 ms
[2023-04-20 08:24:13.219 INFO ] [16819502531420cf3d1d6a9f3461ca959f717894e26d9 http-nio-8080-exec-1] [com.example.commonmodule.logging.ControllerLogger] : [POST_Request]=>com.example.studentmodule.controller.StudentInfoController.getStudentInfo:["2023001"]
[2023-04-20 08:24:14.504 INFO ] [16819502531420cf3d1d6a9f3461ca959f717894e26d9 http-nio-8080-exec-1] [com.zaxxer.hikari.HikariDataSource] : HikariPool-1 - Starting...
[2023-04-20 08:24:24.625 INFO ] [16819502531420cf3d1d6a9f3461ca959f717894e26d9 http-nio-8080-exec-1] [com.zaxxer.hikari.HikariDataSource] : HikariPool-1 - Start completed.
[2023-04-20 08:24:24.712 INFO ] [16819502531420cf3d1d6a9f3461ca959f717894e26d9 http-nio-8080-exec-1] [com.example.commonmodule.logging.ControllerLogger] : [Response]<=com.example.studentmodule.controller.StudentInfoController.getStudentInfo:{"data":{"stuAddress":"浙江省温州市瓯海区","stuAdmissionDate":1662739200000,"stuBirthday":903801600000,"stuClassId":"C01","stuEngGrade":"6级","stuHight":171.5,"stuId":"2023001","stuName":"张三","stuPhone":"13612345678","stuSex":"男"},"status":20000,"success":true}
[2023-04-20 08:24:44.402 INFO ] [1681950284402eb8a28e1571144598b18d841e821e429 http-nio-8080-exec-2] [com.example.commonmodule.logging.ControllerLogger] : [POST_Request]=>com.example.studentmodule.controller.StudentInfoController.getStudentInfo:["2023001"]
[2023-04-20 08:24:44.410 INFO ] [1681950284402eb8a28e1571144598b18d841e821e429 http-nio-8080-exec-2] [com.example.commonmodule.logging.ControllerLogger] : [Response]<=com.example.studentmodule.controller.StudentInfoController.getStudentInfo:{"data":{"stuAddress":"浙江省温州市瓯海区","stuAdmissionDate":1662739200000,"stuBirthday":903801600000,"stuClassId":"C01","stuEngGrade":"6级","stuHight":171.5,"stuId":"2023001","stuName":"张三","stuPhone":"13612345678","stuSex":"男"},"status":20000,"success":true}
[2023-04-20 08:27:45.873 INFO ] [ SpringContextShutdownHook] [org.springframework.scheduling.concurrent.ThreadPoolTaskExecutor] : Shutting down ExecutorService 'applicationTaskExecutor'
[2023-04-20 08:27:45.875 INFO ] [ SpringContextShutdownHook] [com.zaxxer.hikari.HikariDataSource] : HikariPool-1 - Shutdown initiated...
[2023-04-20 08:27:45.885 INFO ] [ SpringContextShutdownHook] [com.zaxxer.hikari.HikariDataSource] : HikariPool-1 - Shutdown completed.
[2023-04-20 08:27:52.342 INFO ] [ main] [com.example.StudentModuleApplication] : Starting StudentModuleApplication on DESKTOP-VKU3LBV with PID 32048 (C:\Users\yangman\Desktop\CourseDemo\CourseDemo\student-module\target\classes started by yangman in C:\Users\yangman\Desktop\CourseDemo\CourseDemo)
[2023-04-20 08:27:52.345 INFO ] [ main] [com.example.StudentModuleApplication] : The following profiles are active: dev
[2023-04-20 08:27:53.388 INFO ] [ main] [org.springframework.data.repository.config.RepositoryConfigurationDelegate] : Multiple Spring Data modules found, entering strict repository configuration mode!
[2023-04-20 08:27:53.391 INFO ] [ main] [org.springframework.data.repository.config.RepositoryConfigurationDelegate] : Bootstrapping Spring Data Redis repositories in DEFAULT mode.
[2023-04-20 08:27:53.444 INFO ] [ main] [org.springframework.data.repository.config.RepositoryConfigurationDelegate] : Finished Spring Data repository scanning in 29ms. Found 0 Redis repository interfaces.
[2023-04-20 08:27:54.261 INFO ] [ main] [org.springframework.boot.web.embedded.tomcat.TomcatWebServer] : Tomcat initialized with port(s): 8080 (http)
[2023-04-20 08:27:54.271 INFO ] [ main] [org.apache.coyote.http11.Http11NioProtocol] : Initializing ProtocolHandler ["http-nio-8080"]
[2023-04-20 08:27:54.272 INFO ] [ main] [org.apache.catalina.core.StandardService] : Starting service [Tomcat]
[2023-04-20 08:27:54.272 INFO ] [ main] [org.apache.catalina.core.StandardEngine] : Starting Servlet engine: [Apache Tomcat/9.0.37]
[2023-04-20 08:27:54.406 INFO ] [ main] [org.apache.catalina.core.ContainerBase.[Tomcat].[localhost].[/]] : Initializing Spring embedded WebApplicationContext
[2023-04-20 08:27:54.407 INFO ] [ main] [org.springframework.boot.web.servlet.context.ServletWebServerApplicationContext] : Root WebApplicationContext: initialization completed in 2011 ms
[2023-04-20 08:27:56.636 INFO ] [ main] [org.springframework.scheduling.concurrent.ThreadPoolTaskExecutor] : Initializing ExecutorService 'applicationTaskExecutor'
[2023-04-20 08:27:57.342 INFO ] [ main] [org.apache.coyote.http11.Http11NioProtocol] : Starting ProtocolHandler ["http-nio-8080"]
[2023-04-20 08:27:57.362 INFO ] [ main] [org.springframework.boot.web.embedded.tomcat.TomcatWebServer] : Tomcat started on port(s): 8080 (http) with context path ''
[2023-04-20 08:27:57.594 INFO ] [ main] [com.example.StudentModuleApplication] : Started StudentModuleApplication in 5.951 seconds (JVM running for 7.382)
[2023-04-20 08:28:39.635 INFO ] [ http-nio-8080-exec-1] [org.apache.catalina.core.ContainerBase.[Tomcat].[localhost].[/]] : Initializing Spring DispatcherServlet 'dispatcherServlet'
[2023-04-20 08:28:39.635 INFO ] [ http-nio-8080-exec-1] [org.springframework.web.servlet.DispatcherServlet] : Initializing Servlet 'dispatcherServlet'
[2023-04-20 08:28:39.649 INFO ] [ http-nio-8080-exec-1] [org.springframework.web.servlet.DispatcherServlet] : Completed initialization in 14 ms
[2023-04-20 08:28:39.734 INFO ] [16819505196576f34e885752c4c788b08d33f1a23de1b http-nio-8080-exec-1] [com.example.commonmodule.logging.ControllerLogger] : [POST_Request]=>com.example.studentmodule.controller.StudentInfoController.getStudentInfo:["2023001"]
[2023-04-20 08:28:40.984 INFO ] [16819505196576f34e885752c4c788b08d33f1a23de1b http-nio-8080-exec-1] [com.zaxxer.hikari.HikariDataSource] : HikariPool-1 - Starting...
[2023-04-20 08:28:51.108 INFO ] [16819505196576f34e885752c4c788b08d33f1a23de1b http-nio-8080-exec-1] [com.zaxxer.hikari.HikariDataSource] : HikariPool-1 - Start completed.
[2023-04-20 08:28:51.194 INFO ] [16819505196576f34e885752c4c788b08d33f1a23de1b http-nio-8080-exec-1] [com.example.commonmodule.logging.ControllerLogger] : [Response]<=com.example.studentmodule.controller.StudentInfoController.getStudentInfo:{"data":{"stuAddress":"浙江省温州市瓯海区","stuAdmissionDate":1662739200000,"stuBirthday":903801600000,"stuClassId":"C01","stuEngGrade":"6级","stuHight":171.5,"stuId":"2023001","stuName":"张三","stuPhone":"13612345678","stuSex":"男"},"status":20000,"success":true}
[2023-04-20 08:29:07.521 INFO ] [16819505475200e09ea43d9ae4ea685aebf28a880ceff http-nio-8080-exec-2] [com.example.commonmodule.logging.ControllerLogger] : [POST_Request]=>com.example.studentmodule.controller.StudentInfoController.getStudentInfo:["2023001"]
[2023-04-20 08:29:07.528 INFO ] [16819505475200e09ea43d9ae4ea685aebf28a880ceff http-nio-8080-exec-2] [com.example.commonmodule.logging.ControllerLogger] : [Response]<=com.example.studentmodule.controller.StudentInfoController.getStudentInfo:{"data":{"stuAddress":"浙江省温州市瓯海区","stuAdmissionDate":1662739200000,"stuBirthday":903801600000,"stuClassId":"C01","stuEngGrade":"6级","stuHight":171.5,"stuId":"2023001","stuName":"张三","stuPhone":"13612345678","stuSex":"男"},"status":20000,"success":true}
