[2023-04-20 15:51:09.209 ERROR] [ main] [org.springframework.boot.diagnostics.LoggingFailureAnalysisReporter] : 

***************************
APPLICATION FAILED TO START
***************************

Description:

Field studentInfoMapper in com.example.studentmodule.service.Impl.StudentServiceImpl required a bean of type 'com.example.studentmodule.mapper.StudentInfoMapper' that could not be found.

The injection point has the following annotations:
	- @org.springframework.beans.factory.annotation.Autowired(required=true)


Action:

Consider defining a bean of type 'com.example.studentmodule.mapper.StudentInfoMapper' in your configuration.

[2023-04-20 15:53:59.131 ERROR] [ main] [org.springframework.boot.diagnostics.LoggingFailureAnalysisReporter] : 

***************************
APPLICATION FAILED TO START
***************************

Description:

Field studentInfoMapper in com.example.studentmodule.service.Impl.StudentServiceImpl required a bean of type 'com.example.studentmodule.mapper.StudentInfoMapper' that could not be found.

The injection point has the following annotations:
	- @org.springframework.beans.factory.annotation.Autowired(required=true)


Action:

Consider defining a bean of type 'com.example.studentmodule.mapper.StudentInfoMapper' in your configuration.

[2023-04-20 15:55:20.171 ERROR] [ main] [org.springframework.boot.diagnostics.LoggingFailureAnalysisReporter] : 

***************************
APPLICATION FAILED TO START
***************************

Description:

Field studentInfoMapper in com.example.studentmodule.service.Impl.StudentServiceImpl required a bean of type 'com.example.studentmodule.mapper.StudentInfoMapper' that could not be found.

The injection point has the following annotations:
	- @org.springframework.beans.factory.annotation.Autowired(required=true)


Action:

Consider defining a bean of type 'com.example.studentmodule.mapper.StudentInfoMapper' in your configuration.

[2023-04-20 15:57:07.154 ERROR] [ main] [org.springframework.boot.diagnostics.LoggingFailureAnalysisReporter] : 

***************************
APPLICATION FAILED TO START
***************************

Description:

Field studentInfoMapper in com.example.studentmodule.service.Impl.StudentServiceImpl required a bean of type 'com.example.studentmodule.mapper.StudentInfoMapper' that could not be found.

The injection point has the following annotations:
	- @org.springframework.beans.factory.annotation.Autowired(required=true)


Action:

Consider defining a bean of type 'com.example.studentmodule.mapper.StudentInfoMapper' in your configuration.

[2023-04-20 15:57:54.012 ERROR] [ main] [org.springframework.boot.diagnostics.LoggingFailureAnalysisReporter] : 

***************************
APPLICATION FAILED TO START
***************************

Description:

Field studentInfoMapper in com.example.studentmodule.service.Impl.StudentServiceImpl required a bean of type 'com.example.studentmodule.mapper.StudentInfoMapper' that could not be found.

The injection point has the following annotations:
	- @org.springframework.beans.factory.annotation.Autowired(required=true)


Action:

Consider defining a bean of type 'com.example.studentmodule.mapper.StudentInfoMapper' in your configuration.

[2023-04-20 16:02:36.347 ERROR] [ main] [org.springframework.boot.diagnostics.LoggingFailureAnalysisReporter] : 

***************************
APPLICATION FAILED TO START
***************************

Description:

Field studentInfoMapper in com.example.studentmodule.service.Impl.StudentServiceImpl required a bean of type 'com.example.studentmodule.mapper.StudentInfoMapper' that could not be found.

The injection point has the following annotations:
	- @org.springframework.beans.factory.annotation.Autowired(required=true)


Action:

Consider defining a bean of type 'com.example.studentmodule.mapper.StudentInfoMapper' in your configuration.

[2023-04-20 16:04:24.963 ERROR] [ main] [org.springframework.boot.diagnostics.LoggingFailureAnalysisReporter] : 

***************************
APPLICATION FAILED TO START
***************************

Description:

Field studentInfoMapper in com.example.studentmodule.service.Impl.StudentServiceImpl required a bean of type 'com.example.studentmodule.mapper.StudentInfoMapper' that could not be found.

The injection point has the following annotations:
	- @org.springframework.beans.factory.annotation.Autowired(required=true)


Action:

Consider defining a bean of type 'com.example.studentmodule.mapper.StudentInfoMapper' in your configuration.

[2023-04-20 16:08:03.008 ERROR] [ main] [org.springframework.boot.diagnostics.LoggingFailureAnalysisReporter] : 

***************************
APPLICATION FAILED TO START
***************************

Description:

The bean 'mapperBeanPostProcessor', defined in com.example.StudentModuleApplication, could not be registered. A bean with that name has already been defined in file [C:\Users\yangman\Desktop\CourseDemo\CourseDemo\common-module\target\classes\com\example\commonmodule\config\MapperBeanPostProcessor.class] and overriding is disabled.

Action:

Consider renaming one of the beans or enabling overriding by setting spring.main.allow-bean-definition-overriding=true

[2023-04-20 16:11:11.435 ERROR] [ main] [org.springframework.boot.diagnostics.LoggingFailureAnalysisReporter] : 

***************************
APPLICATION FAILED TO START
***************************

Description:

The bean 'mapperBeanPostProcessor', defined in class path resource [com/example/commonmodule/config/MybatisPlusConfig.class], could not be registered. A bean with that name has already been defined in file [C:\Users\yangman\Desktop\CourseDemo\CourseDemo\common-module\target\classes\com\example\commonmodule\config\MapperBeanPostProcessor.class] and overriding is disabled.

Action:

Consider renaming one of the beans or enabling overriding by setting spring.main.allow-bean-definition-overriding=true

[2023-04-20 16:11:46.535 ERROR] [ main] [org.springframework.boot.diagnostics.LoggingFailureAnalysisReporter] : 

***************************
APPLICATION FAILED TO START
***************************

Description:

The bean 'mapperBeanPostProcessor', defined in class path resource [com/example/commonmodule/config/MybatisPlusConfig.class], could not be registered. A bean with that name has already been defined in file [C:\Users\yangman\Desktop\CourseDemo\CourseDemo\common-module\target\classes\com\example\commonmodule\config\MapperBeanPostProcessor.class] and overriding is disabled.

Action:

Consider renaming one of the beans or enabling overriding by setting spring.main.allow-bean-definition-overriding=true

[2023-04-20 16:12:46.282 ERROR] [ main] [org.springframework.boot.diagnostics.LoggingFailureAnalysisReporter] : 

***************************
APPLICATION FAILED TO START
***************************

Description:

The bean 'mapperBeanPostProcessor', defined in class path resource [com/example/commonmodule/config/MybatisPlusConfig.class], could not be registered. A bean with that name has already been defined in file [C:\Users\yangman\Desktop\CourseDemo\CourseDemo\common-module\target\classes\com\example\commonmodule\config\MapperBeanPostProcessor.class] and overriding is disabled.

Action:

Consider renaming one of the beans or enabling overriding by setting spring.main.allow-bean-definition-overriding=true

